#
# A fatal error has been detected by the Java Runtime Environment:
#
#  EXCEPTION_ACCESS_VIOLATION (0xc0000005) at pc=0x00007ffdb0c526c4, pid=13540, tid=324
#
# JRE version: OpenJDK Runtime Environment (24.0.1+9) (build 24.0.1+9-30)
# Java VM: OpenJDK 64-Bit Server VM (24.0.1+9-30, mixed mode, sharing, tiered, compressed oops, compressed class ptrs, g1 gc, windows-amd64)
# Problematic frame:
# C  [libasyncProfiler.dll+0x926c4]
#
# No core dump will be written. Minidumps are not enabled by default on client versions of Windows
#
# JFR recording file will be written. Location: C:\Users\Ricky\Downloads\Proyecto\hs_err_pid13540.jfr
#
# If you would like to submit a bug report, please visit:
#   https://bugreport.java.com/bugreport/crash.jsp
# The crash happened outside the Java Virtual Machine in native code.
# See problematic frame for where to report the bug.
#

---------------  S U M M A R Y ------------

Command Line: -javaagent:D:\IntelliJ IDEA 2025.1.1.1\lib\idea_rt.jar=63017 -Dfile.encoding=UTF-8 -Dsun.stdout.encoding=UTF-8 -Dsun.stderr.encoding=UTF-8 Main

Host: AMD Ryzen 5 6600H with Radeon Graphics         , 12 cores, 13G,  Windows 11 , 64 bit Build 22621 (10.0.22621.5262)
Time: Tue May 20 20:28:49 2025 Hora estándar central (México) elapsed time: 612.548292 seconds (0d 0h 10m 12s)

---------------  T H R E A D  ---------------

Current thread (0x000001aa472946b0):  JavaThread "Attach Listener" daemon [_thread_in_native, id=324, stack(0x00000092cf100000,0x00000092cf200000) (1024K)]

Stack: [0x00000092cf100000,0x00000092cf200000],  sp=0x00000092cf1ff0a0,  free space=1020k
Native frames: (J=compiled Java code, j=interpreted, Vv=VM code, C=native code)
C  [libasyncProfiler.dll+0x926c4]  (no source info available)
C  [libasyncProfiler.dll+0x92b9b]  (no source info available)
C  [libasyncProfiler.dll+0x917f4]  (no source info available)
C  [libasyncProfiler.dll+0x9206a]  (no source info available)
C  [libasyncProfiler.dll+0x8cc21]  (no source info available)
C  [libasyncProfiler.dll+0x7e5e1]  (no source info available)
C  [libasyncProfiler.dll+0x7d2f8]  (no source info available)
C  [libasyncProfiler.dll+0x7d1e0]  (no source info available)
C  [libasyncProfiler.dll+0x841b9]  (no source info available)
V  [jvm.dll+0x57eff7]  (no source info available)
V  [jvm.dll+0x57fdac]  (no source info available)
V  [jvm.dll+0x14ca17]  (no source info available)
V  [jvm.dll+0x14dfe1]  (no source info available)
V  [jvm.dll+0x42f456]  (no source info available)
V  [jvm.dll+0x87d76b]  (no source info available)
V  [jvm.dll+0x72ee55]  (no source info available)
C  [ucrtbase.dll+0x29333]  (no source info available)
C  [KERNEL32.DLL+0x1259d]  (no source info available)
C  [ntdll.dll+0x5af58]  (no source info available)


siginfo: EXCEPTION_ACCESS_VIOLATION (0xc0000005), reading address 0xffffffffffffffff


Registers:
RAX=0x0000000000000010, RBX=0x0000000000000000, RCX=0xffffffffffffffff, RDX=0x007ffdbeae300010
RSP=0x00000092cf1ff0a0, RBP=0x000001aa47910610, RSI=0x00000092cf1ff210, RDI=0x000001aa47910610
R8 =0x0000000000000042, R9 =0x000000072ea00000, R10=0x00007ffdbed59fb0, R11=0x0000000000000004
R12=0x00000092cf1ff210, R13=0x000001aa946b3800, R14=0x000001aa47294a78, R15=0x000001aa47294a78
RIP=0x00007ffdb0c526c4, EFLAGS=0x0000000000010202

XMM[0]=0x0000000000000000 0x0000000000000000
XMM[1]=0x0000000000000000 0x0000000000000000
XMM[2]=0x0000000000000000 0x0000000000000000
XMM[3]=0x0000000000000000 0x0000000000000000
XMM[4]=0x0000000000000000 0x0000000000000000
XMM[5]=0x0000000000000000 0x0000000000000000
XMM[6]=0x0000000000000000 0x0000000000000000
XMM[7]=0x0000000000000000 0x0000000000000000
XMM[8]=0x0000000000000000 0x0000000000000000
XMM[9]=0x0000000000000000 0x0000000000000000
XMM[10]=0x0000000000000000 0x0000000000000000
XMM[11]=0x0000000000000000 0x0000000000000000
XMM[12]=0x0000000000000000 0x0000000000000000
XMM[13]=0x0000000000000000 0x0000000000000000
XMM[14]=0x0000000000000000 0x0000000000000000
XMM[15]=0x0000000000000000 0x0000000000000000
  MXCSR=0x00001fa0


Register to memory mapping:

RAX=0x0000000000000010 is an unknown value
RBX=0x0 is null
RCX=0xffffffffffffffff is an unknown value
RDX=0x007ffdbeae300010 is an unknown value
RSP=0x00000092cf1ff0a0 is pointing into the stack for thread: 0x000001aa472946b0
RBP=0x000001aa47910610 points into unknown readable memory: 0x000000072ea00000 | 00 00 a0 2e 07 00 00 00
RSI=0x00000092cf1ff210 is pointing into the stack for thread: 0x000001aa472946b0
RDI=0x000001aa47910610 points into unknown readable memory: 0x000000072ea00000 | 00 00 a0 2e 07 00 00 00
R8 =0x0000000000000042 is an unknown value
R9 =0x000000072ea00000 is an oop: java.lang.ref.Reference$ReferenceHandler 
{0x000000072ea00000} - klass: 'java/lang/ref/Reference$ReferenceHandler' - flags: 

 - ---- fields (total size 14 words):
 - 'threadLocalRandomProbe' 'I' @12  0 (0x00000000)
 - private volatile 'eetop' 'J' @16  1830849932144 (0x000001aa4728eb70)
 - private final 'tid' 'J' @24  14 (0x000000000000000e)
 - 'threadLocalRandomSeed' 'J' @32  0 (0x0000000000000000)
 - injected 'jvmti_thread_state' 'J' @40  1832143034528 (0x000001aa943c18a0)
 - 'threadLocalRandomSecondarySeed' 'I' @48  0 (0x00000000)
 - injected 'jvmti_VTMS_transition_disable_count' 'I' @52  0 (0x00000000)
 - injected 'jfr_epoch' 'S' @56  0 (0x0000)
 - volatile 'interrupted' 'Z' @58  false (0x00)
 - injected 'jvmti_is_in_VTMS_transition' 'Z' @59  false (0x00)
 - private volatile 'name' 'Ljava/lang/String;' @60  "Reference Handler"{0x00000007ffe0a468} (0xfffc148d)
 - private volatile 'contextClassLoader' 'Ljava/lang/ClassLoader;' @64  null (0x00000000)
 - private final 'holder' 'Ljava/lang/Thread$FieldHolder;' @68  a 'java/lang/Thread$FieldHolder'{0x000000072e914378} (0xe5d2286f)
 - 'threadLocals' 'Ljava/lang/ThreadLocal$ThreadLocalMap;' @72  null (0x00000000)
 - 'inheritableThreadLocals' 'Ljava/lang/ThreadLocal$ThreadLocalMap;' @76  null (0x00000000)
 - private 'scopedValueBindings' 'Ljava/lang/Object;' @80  a 'java/lang/Class'{0x00000007ffe7c258} = 'java/lang/Thread' (0xfffcf84b)
 - final 'interruptLock' 'Ljava/lang/Object;' @84  a 'java/lang/Object'{0x000000072e914368} (0xe5d2286d)
 - private volatile 'parkBlocker' 'Ljava/lang/Object;' @88  null (0x00000000)
 - private 'nioBlocker' 'Lsun/nio/ch/Interruptible;' @92  null (0x00000000)
 - private 'cont' 'Ljdk/internal/vm/Continuation;' @96  null (0x00000000)
 - private volatile 'uncaughtExceptionHandler' 'Ljava/lang/Thread$UncaughtExceptionHandler;' @100  null (0x00000000)
 - private 'container' 'Ljdk/internal/vm/ThreadContainer;' @104  null (0x00000000)
 - private volatile 'headStackableScopes' 'Ljdk/internal/vm/StackableScope;' @108  null (0x00000000)
R10=0x00007ffdbed59fb0 jvm.dll
R11=0x0000000000000004 is an unknown value
R12=0x00000092cf1ff210 is pointing into the stack for thread: 0x000001aa472946b0
R13=0x000001aa946b3800 points into unknown readable memory: 0x00007ffdbecca510 | 10 a5 cc be fd 7f 00 00
R14=0x000001aa47294a78 points into unknown readable memory: 0x00007ffdbecc17b0 | b0 17 cc be fd 7f 00 00
R15=0x000001aa47294a78 points into unknown readable memory: 0x00007ffdbecc17b0 | b0 17 cc be fd 7f 00 00

Top of Stack: (sp=0x00000092cf1ff0a0)
0x00000092cf1ff0a0:   00000092cf1ff210 000001aa47910610   ...........G....
0x00000092cf1ff0b0:   0000000000000000 000001aa47294e00   .........N)G....
0x00000092cf1ff0c0:   0000000000000037 00007ffdb0c52b9b   7........+......
0x00000092cf1ff0d0:   0000000000000000 000001aa47294a78   ........xJ)G....
0x00000092cf1ff0e0:   00000092cf1ff201 0000000000000000   ................
0x00000092cf1ff0f0:   000001aa9f793270 00007ffdb0c517f4   p2y.............
0x00000092cf1ff100:   0000000000000000 0000000000000037   ........7.......
0x00000092cf1ff110:   0000000000000000 0000000000000037   ........7.......
0x00000092cf1ff120:   00000014a1ffa040 000001aa47897f60   @.......`..G....
0x00000092cf1ff130:   000001aa9f793270 000001aa9f79334c   p2y.....L3y.....
0x00000092cf1ff140:   000001aa9f79336c 0000000000003550   l3y.....P5......
0x00000092cf1ff150:   0000000000000000 0000000000000000   ................
0x00000092cf1ff160:   0000000000000000 00007ffdbe5257d4   .........WR.....
0x00000092cf1ff170:   00007ffdb0d94ca0 00000000000034e4   .L.......4......
0x00000092cf1ff180:   00007ffdb0d94ca0 00000000ffffffff   .L..............
0x00000092cf1ff190:   0000000000000000 00007ffdb0c5206a   ........j ......
0x00000092cf1ff1a0:   000001aa47294a78 0000000000000000   xJ)G............
0x00000092cf1ff1b0:   00000092cf1ff219 000001aa946b3800   .........8k.....
0x00000092cf1ff1c0:   0000000000000003 0000000000000048   ........H.......
0x00000092cf1ff1d0:   0000000800800310 0000000000000020   ........ .......
0x00000092cf1ff1e0:   000001aa47294a78 00007ffdb0d94ca0   xJ)G.....L......
0x00000092cf1ff1f0:   000001aa471451e0 000001aa943c18a0   .Q.G......<.....
0x00000092cf1ff200:   0000000800800390 000001aa47294a78   ........xJ)G....
0x00000092cf1ff210:   000001aaa129ecf0 000001aaa129f3d0   ..).......).....
0x00000092cf1ff220:   000001aaa129f3d0 00007ffdb0d94ca0   ..)......L......
0x00000092cf1ff230:   000001aa943fc8e0 000001aa25f40000   ..?........%....
0x00000092cf1ff240:   00000092cf1ff4e0 0000000000008840   ........@.......
0x00000092cf1ff250:   00000092cf1ff6c0 00007ffdb0d94cf0   .........L......
0x00000092cf1ff260:   0000000000989680 0000000000989680   ................
0x00000092cf1ff270:   00000092cf1ff380 00007ffdb0c4cc21   ........!.......
0x00000092cf1ff280:   00007ffdb0d94ca0 00007ffdb0d94cf8   .L.......L......
0x00000092cf1ff290:   00007ffd00000000 00007ffd00000001   ................

Instructions: (pc=0x00007ffdb0c526c4)
  0x00007ffdb0c525c4:   cc cc cc cc cc cc cc cc cc cc cc cc cc cc cc cc
  0x00007ffdb0c525d4:   cc cc cc cc cc cc cc cc cc cc cc cc cc cc cc cc
  0x00007ffdb0c525e4:   cc cc cc cc cc cc cc cc cc cc cc cc cc cc cc cc
  0x00007ffdb0c525f4:   cc cc cc cc cc cc cc cc cc cc cc cc cc cc cc cc
  0x00007ffdb0c52604:   cc cc cc cc cc cc cc cc cc cc cc cc cc cc cc cc
  0x00007ffdb0c52614:   cc cc cc cc cc cc cc cc cc cc cc cc cc cc cc cc
  0x00007ffdb0c52624:   cc cc cc cc cc cc cc cc cc cc cc cc cc cc cc cc
  0x00007ffdb0c52634:   cc cc cc cc cc cc cc cc cc cc cc cc cc cc cc cc
  0x00007ffdb0c52644:   cc cc cc cc cc cc cc cc cc cc cc cc 40 57 48 83
  0x00007ffdb0c52654:   ec 20 48 8b f9 48 8b 0d 10 28 14 00 48 85 c9 74
  0x00007ffdb0c52664:   20 48 8b 01 48 8d 54 24 38 41 b8 06 00 01 00 4c
  0x00007ffdb0c52674:   8b 48 30 41 ff d1 85 c0 75 07 48 8b 4c 24 38 eb
  0x00007ffdb0c52684:   02 33 c9 4c 8b 05 ea 28 14 00 48 89 5c 24 30 4d
  0x00007ffdb0c52694:   85 c0 74 4a 48 8b 01 48 8b d7 4c 8b 88 28 03 00
  0x00007ffdb0c526a4:   00 41 ff d1 48 85 c0 74 35 48 63 0d f8 e6 13 00
  0x00007ffdb0c526b4:   48 8b 14 01 48 85 d2 74 15 48 63 05 fc e6 13 00
=>0x00007ffdb0c526c4:   8b 04 10 48 8b 5c 24 30 48 83 c4 20 5f c3 b8 ff
  0x00007ffdb0c526d4:   ff ff ff 48 8b 5c 24 30 48 83 c4 20 5f c3 80 3d
  0x00007ffdb0c526e4:   9b 27 14 00 00 bb ff ff ff ff 74 20 4c 8b 0d 31
  0x00007ffdb0c526f4:   24 14 00 4c 8d 44 24 38 48 8b 0d 15 24 14 00 48
  0x00007ffdb0c52704:   8b d7 41 ff d1 85 c0 0f 44 5c 24 38 8b c3 48 8b
  0x00007ffdb0c52714:   5c 24 30 48 83 c4 20 5f c3 cc cc cc cc cc cc cc
  0x00007ffdb0c52724:   cc cc cc cc cc cc cc cc cc cc cc cc cc cc cc cc
  0x00007ffdb0c52734:   cc cc cc cc cc cc cc cc cc cc cc cc cc cc cc cc
  0x00007ffdb0c52744:   cc cc cc cc cc cc cc cc cc cc cc cc 48 89 54 24
  0x00007ffdb0c52754:   10 53 55 56 57 41 56 41 57 48 83 ec 28 48 8b f2
  0x00007ffdb0c52764:   4c 8b f1 48 89 4c 24 78 45 33 ff 44 89 7c 24 68
  0x00007ffdb0c52774:   c7 44 24 60 01 00 00 00 48 8d 4c 24 68 e8 ed 42
  0x00007ffdb0c52784:   f7 ff 8b d8 48 8d 4c 24 60 e8 e1 42 f7 ff 8b e8
  0x00007ffdb0c52794:   49 8b ce e8 00 fc f6 ff 48 8b f8 90 8b c3 f0 0f
  0x00007ffdb0c527a4:   b1 2f 74 04 f3 90 eb f4 4c 89 3e 4c 89 7e 08 4c
  0x00007ffdb0c527b4:   89 7e 10 49 8b 6e 08 4d 8b 76 10 49 3b ee 0f 84


Stack slot to memory mapping:

stack at sp + 0 slots: 0x00000092cf1ff210 is pointing into the stack for thread: 0x000001aa472946b0
stack at sp + 1 slots: 0x000001aa47910610 points into unknown readable memory: 0x000000072ea00000 | 00 00 a0 2e 07 00 00 00
stack at sp + 2 slots: 0x0 is null
stack at sp + 3 slots: 0x000001aa47294e00 points into unknown readable memory: 0x6e616c2e6176616a | 6a 61 76 61 2e 6c 61 6e
stack at sp + 4 slots: 0x0000000000000037 is an unknown value
stack at sp + 5 slots: 0x00007ffdb0c52b9b libasyncProfiler.dll
stack at sp + 6 slots: 0x0 is null
stack at sp + 7 slots: 0x000001aa47294a78 points into unknown readable memory: 0x00007ffdbecc17b0 | b0 17 cc be fd 7f 00 00

Lock stack of current Java thread (top to bottom):


---------------  P R O C E S S  ---------------

Threads class SMR info:
_java_thread_list=0x000001aa476a1030, length=24, elements={
0x000001aa4728eb70, 0x000001aa4728f550, 0x000001aa47292820, 0x000001aa472946b0,
0x000001aa47295310, 0x000001aa4729fe60, 0x000001aa472a1530, 0x000001aa472a25f0,
0x000001aa47435c40, 0x000001aa4744b550, 0x000001aa4744bc90, 0x000001aa4755a260,
0x000001aa47560420, 0x000001aa476989e0, 0x000001aa9443f730, 0x000001aa94444eb0,
0x000001aa9442b640, 0x000001aa943a2c40, 0x000001aa942e1250, 0x000001aa942e19a0,
0x000001aa942e36e0, 0x000001aa942e2840, 0x000001aa94685420, 0x000001aa946862c0
}

Java Threads: ( => current thread )
  0x000001aa4728eb70 JavaThread "Reference Handler"          daemon [_thread_blocked, id=12100, stack(0x00000092cee00000,0x00000092cef00000) (1024K)]
  0x000001aa4728f550 JavaThread "Finalizer"                  daemon [_thread_blocked, id=12576, stack(0x00000092cef00000,0x00000092cf000000) (1024K)]
  0x000001aa47292820 JavaThread "Signal Dispatcher"          daemon [_thread_blocked, id=14116, stack(0x00000092cf000000,0x00000092cf100000) (1024K)]
=>0x000001aa472946b0 JavaThread "Attach Listener"            daemon [_thread_in_native, id=324, stack(0x00000092cf100000,0x00000092cf200000) (1024K)]
  0x000001aa47295310 JavaThread "Service Thread"             daemon [_thread_blocked, id=10780, stack(0x00000092cf200000,0x00000092cf300000) (1024K)]
  0x000001aa4729fe60 JavaThread "Monitor Deflation Thread"   daemon [_thread_blocked, id=7472, stack(0x00000092cf300000,0x00000092cf400000) (1024K)]
  0x000001aa472a1530 JavaThread "C2 CompilerThread0"         daemon [_thread_blocked, id=9668, stack(0x00000092cf400000,0x00000092cf500000) (1024K)]
  0x000001aa472a25f0 JavaThread "C1 CompilerThread0"         daemon [_thread_blocked, id=12788, stack(0x00000092cf500000,0x00000092cf600000) (1024K)]
  0x000001aa47435c40 JavaThread "Common-Cleaner"             daemon [_thread_blocked, id=6888, stack(0x00000092cf600000,0x00000092cf700000) (1024K)]
  0x000001aa4744b550 JavaThread "Monitor Ctrl-Break"         daemon [_thread_in_native, id=8048, stack(0x00000092cf700000,0x00000092cf800000) (1024K)]
  0x000001aa4744bc90 JavaThread "Notification Thread"        daemon [_thread_blocked, id=8888, stack(0x00000092cf800000,0x00000092cf900000) (1024K)]
  0x000001aa4755a260 JavaThread "Java2D Disposer"            daemon [_thread_blocked, id=8304, stack(0x00000092cf900000,0x00000092cfa00000) (1024K)]
  0x000001aa47560420 JavaThread "AWT-Shutdown"                      [_thread_blocked, id=9764, stack(0x00000092cfa00000,0x00000092cfb00000) (1024K)]
  0x000001aa476989e0 JavaThread "AWT-Windows"                daemon [_thread_in_native, id=9316, stack(0x00000092cfb00000,0x00000092cfc00000) (1024K)]
  0x000001aa9443f730 JavaThread "AWT-EventQueue-0"                  [_thread_blocked, id=12304, stack(0x00000092d0900000,0x00000092d0a00000) (1024K)]
  0x000001aa94444eb0 JavaThread "RMI TCP Accept-0"           daemon [_thread_in_native, id=3112, stack(0x00000092d0a00000,0x00000092d0b00000) (1024K)]
  0x000001aa9442b640 JavaThread "RMI TCP Connection(1)-192.168.100.162" daemon [_thread_in_native, id=12856, stack(0x00000092d0b00000,0x00000092d0c00000) (1024K)]
  0x000001aa943a2c40 JavaThread "RMI Scheduler(0)"           daemon [_thread_blocked, id=11284, stack(0x00000092d0c00000,0x00000092d0d00000) (1024K)]
  0x000001aa942e1250 JavaThread "JMX server connection timeout 37" daemon [_thread_blocked, id=6360, stack(0x00000092d0d00000,0x00000092d0e00000) (1024K)]
  0x000001aa942e19a0 JavaThread "DestroyJavaVM"                     [_thread_blocked, id=6712, stack(0x00000092ce600000,0x00000092ce700000) (1024K)]
  0x000001aa942e36e0 JavaThread "D3D Screen Updater"         daemon [_thread_blocked, id=10012, stack(0x00000092d1100000,0x00000092d1200000) (1024K)]
  0x000001aa942e2840 JavaThread "TimerQueue"                 daemon [_thread_blocked, id=9624, stack(0x00000092d1200000,0x00000092d1300000) (1024K)]
  0x000001aa94685420 JavaThread "JFR Recorder Thread"        daemon [_thread_in_native, id=4636, stack(0x00000092d0800000,0x00000092d0900000) (1024K)]
  0x000001aa946862c0 JavaThread "JFR Periodic Tasks"         daemon [_thread_blocked, id=13648, stack(0x00000092d1800000,0x00000092d1900000) (1024K)]
Total: 24

Other Threads:
  0x000001aa4727e420 VMThread "VM Thread"                           [id=9288, stack(0x00000092ced00000,0x00000092cee00000) (1024K)]
  0x000001aa4714e430 WatcherThread "VM Periodic Task Thread"        [id=12420, stack(0x00000092cec00000,0x00000092ced00000) (1024K)]
  0x000001aa28255f40 WorkerThread "GC Thread#0"                     [id=7468, stack(0x00000092ce700000,0x00000092ce800000) (1024K)]
  0x000001aa9466e090 WorkerThread "GC Thread#1"                     [id=4100, stack(0x00000092d0e00000,0x00000092d0f00000) (1024K)]
  0x000001aa9466ef50 WorkerThread "GC Thread#2"                     [id=12492, stack(0x00000092d0f00000,0x00000092d1000000) (1024K)]
  0x000001aa9466bbb0 WorkerThread "GC Thread#3"                     [id=13688, stack(0x00000092d1000000,0x00000092d1100000) (1024K)]
  0x000001aa9466ce20 WorkerThread "GC Thread#4"                     [id=9432, stack(0x00000092d1300000,0x00000092d1400000) (1024K)]
  0x000001aa9466d1d0 WorkerThread "GC Thread#5"                     [id=10488, stack(0x00000092d1400000,0x00000092d1500000) (1024K)]
  0x000001aa9466f6b0 WorkerThread "GC Thread#6"                     [id=12452, stack(0x00000092d1500000,0x00000092d1600000) (1024K)]
  0x000001aa9466c310 WorkerThread "GC Thread#7"                     [id=12136, stack(0x00000092d1600000,0x00000092d1700000) (1024K)]
  0x000001aa9466c6c0 WorkerThread "GC Thread#8"                     [id=14044, stack(0x00000092d1700000,0x00000092d1800000) (1024K)]
  0x000001aa28268410 ConcurrentGCThread "G1 Main Marker"            [id=11448, stack(0x00000092ce800000,0x00000092ce900000) (1024K)]
  0x000001aa282696c0 WorkerThread "G1 Conc#0"                       [id=12684, stack(0x00000092ce900000,0x00000092cea00000) (1024K)]
  0x000001aa47140960 ConcurrentGCThread "G1 Refine#0"               [id=9936, stack(0x00000092cea00000,0x00000092ceb00000) (1024K)]
  0x000001aa282be640 ConcurrentGCThread "G1 Service"                [id=352, stack(0x00000092ceb00000,0x00000092cec00000) (1024K)]
Total: 15

Threads with active compile tasks:
Total: 0

VM state: not at safepoint (normal execution)

VM Mutex/Monitor currently owned by a thread: None

Heap address: 0x0000000724000000, size: 3520 MB, Compressed Oops mode: Zero based, Oop shift amount: 3

CDS archive(s) mapped at: [0x000001aa48000000-0x000001aa48d40000-0x000001aa48d40000), size 13893632, SharedBaseAddress: 0x000001aa48000000, ArchiveRelocationMode: 1.
Compressed class space mapped at: 0x000001aa49000000-0x000001aa89000000, reserved size: 1073741824
UseCompressedClassPointers 1, UseCompactObjectHeaders 0
Narrow klass pointer bits 32, Max shift 3
Narrow klass base: 0x000001aa48000000, Narrow klass shift: 0
Encoding Range: [0x000001aa48000000 - 0x000001ab48000000), (4294967296 bytes)
Klass Range:    [0x000001aa48000000 - 0x000001aa89000000), (1090519040 bytes)
Klass ID Range:  [8 - 1090519033) (1090519025)

GC Precious Log:
 CardTable entry size: 512
 Card Set container configuration: InlinePtr #cards 4 size 8 Array Of Cards #cards 16 size 48 Howl #buckets 8 coarsen threshold 3686 Howl Bitmap #cards 512 size 80 coarsen threshold 460 Card regions per heap region 1 cards per card region 4096
 CPUs: 12 total, 12 available
 Memory: 14077M
 Large Page Support: Disabled
 NUMA Support: Disabled
 Compressed Oops: Enabled (Zero based)
 Heap Region Size: 2M
 Heap Min Capacity: 8M
 Heap Initial Capacity: 220M
 Heap Max Capacity: 3520M
 Pre-touch: Disabled
 Parallel Workers: 10
 Concurrent Workers: 3
 Concurrent Refinement Workers: 10
 Periodic GC: Disabled

Heap:
 garbage-first heap   total reserved 3604480K, committed 227328K, used 11696K [0x0000000724000000, 0x0000000800000000)
  region size 2048K, 7 young (14336K), 3 survivors (6144K)
 Metaspace       used 15186K, committed 15488K, reserved 1114112K
  class space    used 1415K, committed 1536K, reserved 1048576K

Heap Regions: E=young(eden), S=young(survivor), O=old, HS=humongous(starts), HC=humongous(continues), CS=collection set, F=free, TAMS=top-at-mark-start, PB=parsable bottom
|   0|0x0000000724000000, 0x0000000724000000, 0x0000000724200000|  0%| F|  |TAMS 0x0000000724000000| PB 0x0000000724000000| Untracked |  0
|   1|0x0000000724200000, 0x0000000724200000, 0x0000000724400000|  0%| F|  |TAMS 0x0000000724200000| PB 0x0000000724200000| Untracked |  0
|   2|0x0000000724400000, 0x0000000724400000, 0x0000000724600000|  0%| F|  |TAMS 0x0000000724400000| PB 0x0000000724400000| Untracked |  0
|   3|0x0000000724600000, 0x0000000724600000, 0x0000000724800000|  0%| F|  |TAMS 0x0000000724600000| PB 0x0000000724600000| Untracked |  0
|   4|0x0000000724800000, 0x0000000724800000, 0x0000000724a00000|  0%| F|  |TAMS 0x0000000724800000| PB 0x0000000724800000| Untracked |  0
|   5|0x0000000724a00000, 0x0000000724a00000, 0x0000000724c00000|  0%| F|  |TAMS 0x0000000724a00000| PB 0x0000000724a00000| Untracked |  0
|   6|0x0000000724c00000, 0x0000000724c00000, 0x0000000724e00000|  0%| F|  |TAMS 0x0000000724c00000| PB 0x0000000724c00000| Untracked |  0
|   7|0x0000000724e00000, 0x0000000724e00000, 0x0000000725000000|  0%| F|  |TAMS 0x0000000724e00000| PB 0x0000000724e00000| Untracked |  0
|   8|0x0000000725000000, 0x0000000725000000, 0x0000000725200000|  0%| F|  |TAMS 0x0000000725000000| PB 0x0000000725000000| Untracked |  0
|   9|0x0000000725200000, 0x0000000725200000, 0x0000000725400000|  0%| F|  |TAMS 0x0000000725200000| PB 0x0000000725200000| Untracked |  0
|  10|0x0000000725400000, 0x0000000725400000, 0x0000000725600000|  0%| F|  |TAMS 0x0000000725400000| PB 0x0000000725400000| Untracked |  0
|  11|0x0000000725600000, 0x0000000725600000, 0x0000000725800000|  0%| F|  |TAMS 0x0000000725600000| PB 0x0000000725600000| Untracked |  0
|  12|0x0000000725800000, 0x0000000725800000, 0x0000000725a00000|  0%| F|  |TAMS 0x0000000725800000| PB 0x0000000725800000| Untracked |  0
|  13|0x0000000725a00000, 0x0000000725a00000, 0x0000000725c00000|  0%| F|  |TAMS 0x0000000725a00000| PB 0x0000000725a00000| Untracked |  0
|  14|0x0000000725c00000, 0x0000000725c00000, 0x0000000725e00000|  0%| F|  |TAMS 0x0000000725c00000| PB 0x0000000725c00000| Untracked |  0
|  15|0x0000000725e00000, 0x0000000725e00000, 0x0000000726000000|  0%| F|  |TAMS 0x0000000725e00000| PB 0x0000000725e00000| Untracked |  0
|  16|0x0000000726000000, 0x0000000726000000, 0x0000000726200000|  0%| F|  |TAMS 0x0000000726000000| PB 0x0000000726000000| Untracked |  0
|  17|0x0000000726200000, 0x0000000726200000, 0x0000000726400000|  0%| F|  |TAMS 0x0000000726200000| PB 0x0000000726200000| Untracked |  0
|  18|0x0000000726400000, 0x0000000726400000, 0x0000000726600000|  0%| F|  |TAMS 0x0000000726400000| PB 0x0000000726400000| Untracked |  0
|  19|0x0000000726600000, 0x0000000726600000, 0x0000000726800000|  0%| F|  |TAMS 0x0000000726600000| PB 0x0000000726600000| Untracked |  0
|  20|0x0000000726800000, 0x0000000726800000, 0x0000000726a00000|  0%| F|  |TAMS 0x0000000726800000| PB 0x0000000726800000| Untracked |  0
|  21|0x0000000726a00000, 0x0000000726a00000, 0x0000000726c00000|  0%| F|  |TAMS 0x0000000726a00000| PB 0x0000000726a00000| Untracked |  0
|  22|0x0000000726c00000, 0x0000000726c00000, 0x0000000726e00000|  0%| F|  |TAMS 0x0000000726c00000| PB 0x0000000726c00000| Untracked |  0
|  23|0x0000000726e00000, 0x0000000726e00000, 0x0000000727000000|  0%| F|  |TAMS 0x0000000726e00000| PB 0x0000000726e00000| Untracked |  0
|  24|0x0000000727000000, 0x0000000727000000, 0x0000000727200000|  0%| F|  |TAMS 0x0000000727000000| PB 0x0000000727000000| Untracked |  0
|  25|0x0000000727200000, 0x0000000727200000, 0x0000000727400000|  0%| F|  |TAMS 0x0000000727200000| PB 0x0000000727200000| Untracked |  0
|  26|0x0000000727400000, 0x0000000727400000, 0x0000000727600000|  0%| F|  |TAMS 0x0000000727400000| PB 0x0000000727400000| Untracked |  0
|  27|0x0000000727600000, 0x0000000727600000, 0x0000000727800000|  0%| F|  |TAMS 0x0000000727600000| PB 0x0000000727600000| Untracked |  0
|  28|0x0000000727800000, 0x0000000727800000, 0x0000000727a00000|  0%| F|  |TAMS 0x0000000727800000| PB 0x0000000727800000| Untracked |  0
|  29|0x0000000727a00000, 0x0000000727a00000, 0x0000000727c00000|  0%| F|  |TAMS 0x0000000727a00000| PB 0x0000000727a00000| Untracked |  0
|  30|0x0000000727c00000, 0x0000000727c00000, 0x0000000727e00000|  0%| F|  |TAMS 0x0000000727c00000| PB 0x0000000727c00000| Untracked |  0
|  31|0x0000000727e00000, 0x0000000727e00000, 0x0000000728000000|  0%| F|  |TAMS 0x0000000727e00000| PB 0x0000000727e00000| Untracked |  0
|  32|0x0000000728000000, 0x0000000728000000, 0x0000000728200000|  0%| F|  |TAMS 0x0000000728000000| PB 0x0000000728000000| Untracked |  0
|  33|0x0000000728200000, 0x0000000728200000, 0x0000000728400000|  0%| F|  |TAMS 0x0000000728200000| PB 0x0000000728200000| Untracked |  0
|  34|0x0000000728400000, 0x0000000728400000, 0x0000000728600000|  0%| F|  |TAMS 0x0000000728400000| PB 0x0000000728400000| Untracked |  0
|  35|0x0000000728600000, 0x0000000728600000, 0x0000000728800000|  0%| F|  |TAMS 0x0000000728600000| PB 0x0000000728600000| Untracked |  0
|  36|0x0000000728800000, 0x0000000728800000, 0x0000000728a00000|  0%| F|  |TAMS 0x0000000728800000| PB 0x0000000728800000| Untracked |  0
|  37|0x0000000728a00000, 0x0000000728a00000, 0x0000000728c00000|  0%| F|  |TAMS 0x0000000728a00000| PB 0x0000000728a00000| Untracked |  0
|  38|0x0000000728c00000, 0x0000000728c00000, 0x0000000728e00000|  0%| F|  |TAMS 0x0000000728c00000| PB 0x0000000728c00000| Untracked |  0
|  39|0x0000000728e00000, 0x0000000728e00000, 0x0000000729000000|  0%| F|  |TAMS 0x0000000728e00000| PB 0x0000000728e00000| Untracked |  0
|  40|0x0000000729000000, 0x0000000729000000, 0x0000000729200000|  0%| F|  |TAMS 0x0000000729000000| PB 0x0000000729000000| Untracked |  0
|  41|0x0000000729200000, 0x0000000729200000, 0x0000000729400000|  0%| F|  |TAMS 0x0000000729200000| PB 0x0000000729200000| Untracked |  0
|  42|0x0000000729400000, 0x0000000729400000, 0x0000000729600000|  0%| F|  |TAMS 0x0000000729400000| PB 0x0000000729400000| Untracked |  0
|  43|0x0000000729600000, 0x0000000729600000, 0x0000000729800000|  0%| F|  |TAMS 0x0000000729600000| PB 0x0000000729600000| Untracked |  0
|  44|0x0000000729800000, 0x0000000729800000, 0x0000000729a00000|  0%| F|  |TAMS 0x0000000729800000| PB 0x0000000729800000| Untracked |  0
|  45|0x0000000729a00000, 0x0000000729a00000, 0x0000000729c00000|  0%| F|  |TAMS 0x0000000729a00000| PB 0x0000000729a00000| Untracked |  0
|  46|0x0000000729c00000, 0x0000000729c00000, 0x0000000729e00000|  0%| F|  |TAMS 0x0000000729c00000| PB 0x0000000729c00000| Untracked |  0
|  47|0x0000000729e00000, 0x0000000729e00000, 0x000000072a000000|  0%| F|  |TAMS 0x0000000729e00000| PB 0x0000000729e00000| Untracked |  0
|  48|0x000000072a000000, 0x000000072a000000, 0x000000072a200000|  0%| F|  |TAMS 0x000000072a000000| PB 0x000000072a000000| Untracked |  0
|  49|0x000000072a200000, 0x000000072a200000, 0x000000072a400000|  0%| F|  |TAMS 0x000000072a200000| PB 0x000000072a200000| Untracked |  0
|  50|0x000000072a400000, 0x000000072a400000, 0x000000072a600000|  0%| F|  |TAMS 0x000000072a400000| PB 0x000000072a400000| Untracked |  0
|  51|0x000000072a600000, 0x000000072a600000, 0x000000072a800000|  0%| F|  |TAMS 0x000000072a600000| PB 0x000000072a600000| Untracked |  0
|  52|0x000000072a800000, 0x000000072a800000, 0x000000072aa00000|  0%| F|  |TAMS 0x000000072a800000| PB 0x000000072a800000| Untracked |  0
|  53|0x000000072aa00000, 0x000000072aa00000, 0x000000072ac00000|  0%| F|  |TAMS 0x000000072aa00000| PB 0x000000072aa00000| Untracked |  0
|  54|0x000000072ac00000, 0x000000072ac00000, 0x000000072ae00000|  0%| F|  |TAMS 0x000000072ac00000| PB 0x000000072ac00000| Untracked |  0
|  55|0x000000072ae00000, 0x000000072ae00000, 0x000000072b000000|  0%| F|  |TAMS 0x000000072ae00000| PB 0x000000072ae00000| Untracked |  0
|  56|0x000000072b000000, 0x000000072b000000, 0x000000072b200000|  0%| F|  |TAMS 0x000000072b000000| PB 0x000000072b000000| Untracked |  0
|  57|0x000000072b200000, 0x000000072b200000, 0x000000072b400000|  0%| F|  |TAMS 0x000000072b200000| PB 0x000000072b200000| Untracked |  0
|  58|0x000000072b400000, 0x000000072b400000, 0x000000072b600000|  0%| F|  |TAMS 0x000000072b400000| PB 0x000000072b400000| Untracked |  0
|  59|0x000000072b600000, 0x000000072b600000, 0x000000072b800000|  0%| F|  |TAMS 0x000000072b600000| PB 0x000000072b600000| Untracked |  0
|  60|0x000000072b800000, 0x000000072b800000, 0x000000072ba00000|  0%| F|  |TAMS 0x000000072b800000| PB 0x000000072b800000| Untracked |  0
|  61|0x000000072ba00000, 0x000000072ba00000, 0x000000072bc00000|  0%| F|  |TAMS 0x000000072ba00000| PB 0x000000072ba00000| Untracked |  0
|  62|0x000000072bc00000, 0x000000072bc00000, 0x000000072be00000|  0%| F|  |TAMS 0x000000072bc00000| PB 0x000000072bc00000| Untracked |  0
|  63|0x000000072be00000, 0x000000072be00000, 0x000000072c000000|  0%| F|  |TAMS 0x000000072be00000| PB 0x000000072be00000| Untracked |  0
|  64|0x000000072c000000, 0x000000072c000000, 0x000000072c200000|  0%| F|  |TAMS 0x000000072c000000| PB 0x000000072c000000| Untracked |  0
|  65|0x000000072c200000, 0x000000072c200000, 0x000000072c400000|  0%| F|  |TAMS 0x000000072c200000| PB 0x000000072c200000| Untracked |  0
|  66|0x000000072c400000, 0x000000072c400000, 0x000000072c600000|  0%| F|  |TAMS 0x000000072c400000| PB 0x000000072c400000| Untracked |  0
|  67|0x000000072c600000, 0x000000072c600000, 0x000000072c800000|  0%| F|  |TAMS 0x000000072c600000| PB 0x000000072c600000| Untracked |  0
|  68|0x000000072c800000, 0x000000072c800000, 0x000000072ca00000|  0%| F|  |TAMS 0x000000072c800000| PB 0x000000072c800000| Untracked |  0
|  69|0x000000072ca00000, 0x000000072ca00000, 0x000000072cc00000|  0%| F|  |TAMS 0x000000072ca00000| PB 0x000000072ca00000| Untracked |  0
|  70|0x000000072cc00000, 0x000000072cc00000, 0x000000072ce00000|  0%| F|  |TAMS 0x000000072cc00000| PB 0x000000072cc00000| Untracked |  0
|  71|0x000000072ce00000, 0x000000072ce00000, 0x000000072d000000|  0%| F|  |TAMS 0x000000072ce00000| PB 0x000000072ce00000| Untracked |  0
|  72|0x000000072d000000, 0x000000072d000000, 0x000000072d200000|  0%| F|  |TAMS 0x000000072d000000| PB 0x000000072d000000| Untracked |  0
|  73|0x000000072d200000, 0x000000072d200000, 0x000000072d400000|  0%| F|  |TAMS 0x000000072d200000| PB 0x000000072d200000| Untracked |  0
|  74|0x000000072d400000, 0x000000072d400000, 0x000000072d600000|  0%| F|  |TAMS 0x000000072d400000| PB 0x000000072d400000| Untracked |  0
|  75|0x000000072d600000, 0x000000072d600000, 0x000000072d800000|  0%| F|  |TAMS 0x000000072d600000| PB 0x000000072d600000| Untracked |  0
|  76|0x000000072d800000, 0x000000072d800000, 0x000000072da00000|  0%| F|  |TAMS 0x000000072d800000| PB 0x000000072d800000| Untracked |  0
|  77|0x000000072da00000, 0x000000072da00000, 0x000000072dc00000|  0%| F|  |TAMS 0x000000072da00000| PB 0x000000072da00000| Untracked |  0
|  78|0x000000072dc00000, 0x000000072dc00000, 0x000000072de00000|  0%| F|  |TAMS 0x000000072dc00000| PB 0x000000072dc00000| Untracked |  0
|  79|0x000000072de00000, 0x000000072de00000, 0x000000072e000000|  0%| F|  |TAMS 0x000000072de00000| PB 0x000000072de00000| Untracked |  0
|  80|0x000000072e000000, 0x000000072e000000, 0x000000072e200000|  0%| F|  |TAMS 0x000000072e000000| PB 0x000000072e000000| Untracked |  0
|  81|0x000000072e200000, 0x000000072e200000, 0x000000072e400000|  0%| F|  |TAMS 0x000000072e200000| PB 0x000000072e200000| Untracked |  0
|  82|0x000000072e400000, 0x000000072e400000, 0x000000072e600000|  0%| F|  |TAMS 0x000000072e400000| PB 0x000000072e400000| Untracked |  0
|  83|0x000000072e600000, 0x000000072e64ffe0, 0x000000072e800000| 15%| S|CS|TAMS 0x000000072e600000| PB 0x000000072e600000| Complete |  0
|  84|0x000000072e800000, 0x000000072ea00000, 0x000000072ea00000|100%| S|CS|TAMS 0x000000072e800000| PB 0x000000072e800000| Complete |  0
|  85|0x000000072ea00000, 0x000000072ec00000, 0x000000072ec00000|100%| S|CS|TAMS 0x000000072ea00000| PB 0x000000072ea00000| Complete |  0
|  86|0x000000072ec00000, 0x000000072ec00000, 0x000000072ee00000|  0%| F|  |TAMS 0x000000072ec00000| PB 0x000000072ec00000| Untracked |  0
|  87|0x000000072ee00000, 0x000000072ee00000, 0x000000072f000000|  0%| F|  |TAMS 0x000000072ee00000| PB 0x000000072ee00000| Untracked |  0
|  88|0x000000072f000000, 0x000000072f000000, 0x000000072f200000|  0%| F|  |TAMS 0x000000072f000000| PB 0x000000072f000000| Untracked |  0
|  89|0x000000072f200000, 0x000000072f200000, 0x000000072f400000|  0%| F|  |TAMS 0x000000072f200000| PB 0x000000072f200000| Untracked |  0
|  90|0x000000072f400000, 0x000000072f400000, 0x000000072f600000|  0%| F|  |TAMS 0x000000072f400000| PB 0x000000072f400000| Untracked |  0
|  91|0x000000072f600000, 0x000000072f600000, 0x000000072f800000|  0%| F|  |TAMS 0x000000072f600000| PB 0x000000072f600000| Untracked |  0
|  92|0x000000072f800000, 0x000000072f800000, 0x000000072fa00000|  0%| F|  |TAMS 0x000000072f800000| PB 0x000000072f800000| Untracked |  0
|  93|0x000000072fa00000, 0x000000072fa00000, 0x000000072fc00000|  0%| F|  |TAMS 0x000000072fa00000| PB 0x000000072fa00000| Untracked |  0
|  94|0x000000072fc00000, 0x000000072fc00000, 0x000000072fe00000|  0%| F|  |TAMS 0x000000072fc00000| PB 0x000000072fc00000| Untracked |  0
|  95|0x000000072fe00000, 0x000000072fe00000, 0x0000000730000000|  0%| F|  |TAMS 0x000000072fe00000| PB 0x000000072fe00000| Untracked |  0
|  96|0x0000000730000000, 0x0000000730000000, 0x0000000730200000|  0%| F|  |TAMS 0x0000000730000000| PB 0x0000000730000000| Untracked |  0
|  97|0x0000000730200000, 0x0000000730200000, 0x0000000730400000|  0%| F|  |TAMS 0x0000000730200000| PB 0x0000000730200000| Untracked |  0
|  98|0x0000000730400000, 0x0000000730400000, 0x0000000730600000|  0%| F|  |TAMS 0x0000000730400000| PB 0x0000000730400000| Untracked |  0
|  99|0x0000000730600000, 0x0000000730600000, 0x0000000730800000|  0%| F|  |TAMS 0x0000000730600000| PB 0x0000000730600000| Untracked |  0
| 100|0x0000000730800000, 0x0000000730800000, 0x0000000730a00000|  0%| F|  |TAMS 0x0000000730800000| PB 0x0000000730800000| Untracked |  0
| 101|0x0000000730a00000, 0x0000000730a00000, 0x0000000730c00000|  0%| F|  |TAMS 0x0000000730a00000| PB 0x0000000730a00000| Untracked |  0
| 102|0x0000000730c00000, 0x0000000730c00000, 0x0000000730e00000|  0%| F|  |TAMS 0x0000000730c00000| PB 0x0000000730c00000| Untracked |  0
| 103|0x0000000730e00000, 0x0000000730e00000, 0x0000000731000000|  0%| F|  |TAMS 0x0000000730e00000| PB 0x0000000730e00000| Untracked |  0
| 104|0x0000000731000000, 0x0000000731000000, 0x0000000731200000|  0%| F|  |TAMS 0x0000000731000000| PB 0x0000000731000000| Untracked |  0
| 105|0x0000000731200000, 0x0000000731200000, 0x0000000731400000|  0%| F|  |TAMS 0x0000000731200000| PB 0x0000000731200000| Untracked |  0
| 106|0x0000000731400000, 0x0000000731600000, 0x0000000731600000|100%| E|  |TAMS 0x0000000731400000| PB 0x0000000731400000| Complete |  0
| 107|0x0000000731600000, 0x0000000731800000, 0x0000000731800000|100%| E|CS|TAMS 0x0000000731600000| PB 0x0000000731600000| Complete |  0
| 108|0x0000000731800000, 0x0000000731a00000, 0x0000000731a00000|100%| E|CS|TAMS 0x0000000731800000| PB 0x0000000731800000| Complete |  0
| 109|0x0000000731a00000, 0x0000000731c00000, 0x0000000731c00000|100%| E|CS|TAMS 0x0000000731a00000| PB 0x0000000731a00000| Complete |  0
|1759|0x00000007ffe00000, 0x00000007fff1c288, 0x0000000800000000| 55%| O|  |TAMS 0x00000007ffe00000| PB 0x00000007ffe00000| Untracked |  0

Card table byte_map: [0x000001aa407f0000,0x000001aa40ed0000] _byte_map_base: 0x000001aa3ced0000

Marking Bits: (CMBitMap*) 0x000001aa28256650
 Bits: [0x000001aa40ed0000, 0x000001aa445d0000)

Polling page: 0x000001aa260c0000

Metaspace:

Usage:
  Non-class:     13.45 MB used.
      Class:      1.38 MB used.
       Both:     14.83 MB used.

Virtual space:
  Non-class space:       64.00 MB reserved,      13.62 MB ( 21%) committed,  1 nodes.
      Class space:        1.00 GB reserved,       1.50 MB ( <1%) committed,  1 nodes.
             Both:        1.06 GB reserved,      15.12 MB (  1%) committed. 

Chunk freelists:
   Non-Class:  2.19 MB
       Class:  14.51 MB
        Both:  16.70 MB

MaxMetaspaceSize: unlimited
CompressedClassSpaceSize: 1.00 GB
Initial GC threshold: 21.00 MB
Current GC threshold: 21.00 MB
CDS: on
 - commit_granule_bytes: 65536.
 - commit_granule_words: 8192.
 - virtual_space_node_default_size: 8388608.
 - enlarge_chunks_in_place: 1.
UseCompressedClassPointers 1, UseCompactObjectHeaders 0
Narrow klass pointer bits 32, Max shift 3
Narrow klass base: 0x000001aa48000000, Narrow klass shift: 0
Encoding Range: [0x000001aa48000000 - 0x000001ab48000000), (4294967296 bytes)
Klass Range:    [0x000001aa48000000 - 0x000001aa89000000), (1090519040 bytes)
Klass ID Range:  [8 - 1090519033) (1090519025)


Internal statistics:

num_allocs_failed_limit: 0.
num_arena_births: 336.
num_arena_deaths: 0.
num_vsnodes_births: 2.
num_vsnodes_deaths: 0.
num_space_committed: 242.
num_space_uncommitted: 0.
num_chunks_returned_to_freelist: 0.
num_chunks_taken_from_freelist: 466.
num_chunk_merges: 0.
num_chunk_splits: 268.
num_chunks_enlarged: 104.
num_inconsistent_stats: 0.

CodeHeap 'non-profiled nmethods': size=120064Kb used=1105Kb max_used=1105Kb free=118958Kb
 bounds [0x000001aa38560000, 0x000001aa387d0000, 0x000001aa3faa0000]
CodeHeap 'profiled nmethods': size=120000Kb used=4210Kb max_used=4210Kb free=115790Kb
 bounds [0x000001aa30aa0000, 0x000001aa30ec0000, 0x000001aa37fd0000]
CodeHeap 'non-nmethods': size=5696Kb used=1556Kb max_used=1655Kb free=4139Kb
 bounds [0x000001aa37fd0000, 0x000001aa38240000, 0x000001aa38560000]
CodeCache: size=245760Kb, used=6871Kb, max_used=6970Kb, free=238887Kb
 total_blobs=3499, nmethods=2777, adapters=627, full_count=0
Compilation: enabled, stopped_count=0, restarted_count=0

Compilation events (20 events):
Event: 612.507 Thread 0x000001aa472a1530 nmethod 2733 0x000001aa3866dc08 code [0x000001aa3866de60, 0x000001aa3866eab0]
Event: 612.507 Thread 0x000001aa478715f0 nmethod 2746 0x000001aa3866eb88 code [0x000001aa3866ede0, 0x000001aa38670980]
Event: 612.507 Thread 0x000001aa472a1530 2753  s    4       java.io.DataOutputStream::write (14 bytes)
Event: 612.507 Thread 0x000001aa478715f0 2754  s    4       java.io.ByteArrayOutputStream::write (32 bytes)
Event: 612.509 Thread 0x000001aa478715f0 nmethod 2754 0x000001aa38670a88 code [0x000001aa38670bc0, 0x000001aa386710b8]
Event: 612.509 Thread 0x000001aa478715f0 2745       4       jdk.jfr.internal.MetadataWriter::writeInt (148 bytes)
Event: 612.509 Thread 0x000001aa472a1530 nmethod 2753 0x000001aa38671108 code [0x000001aa38671260, 0x000001aa38671a40]
Event: 612.509 Thread 0x000001aa472a1530 2751       4       java.util.LinkedHashMap::get (29 bytes)
Event: 612.510 Thread 0x000001aa472a25f0 2773       1       jdk.jfr.internal.periodic.EventTask::getEventType (5 bytes)
Event: 612.510 Thread 0x000001aa472a25f0 nmethod 2773 0x000001aa38671a88 code [0x000001aa38671b80, 0x000001aa38671c48]
Event: 612.510 Thread 0x000001aa472a25f0 2774       1       jdk.jfr.internal.periodic.PeriodicTask::getPeriod (5 bytes)
Event: 612.510 Thread 0x000001aa472a25f0 nmethod 2774 0x000001aa38671d88 code [0x000001aa38671e80, 0x000001aa38671f48]
Event: 612.510 Thread 0x000001aa472a25f0 2775       3       java.util.Comparator$$Lambda/0x000001aa49129388::compare (10 bytes)
Event: 612.511 Thread 0x000001aa472a25f0 nmethod 2775 0x000001aa30eb6988 code [0x000001aa30eb6ae0, 0x000001aa30eb6f58]
Event: 612.511 Thread 0x000001aa472a25f0 2776       3       java.util.Comparator::lambda$comparingLong$6043328a$1 (18 bytes)
Event: 612.511 Thread 0x000001aa472a25f0 nmethod 2776 0x000001aa30eb6f88 code [0x000001aa30eb70e0, 0x000001aa30eb74c0]
Event: 612.513 Thread 0x000001aa472a1530 nmethod 2751 0x000001aa38672088 code [0x000001aa386721c0, 0x000001aa38672508]
Event: 612.513 Thread 0x000001aa472a1530 2749       4       java.util.LinkedHashMap::linkNodeAtEnd (76 bytes)
Event: 612.514 Thread 0x000001aa472a1530 nmethod 2749 0x000001aa38672588 code [0x000001aa386726a0, 0x000001aa38672bc8]
Event: 612.519 Thread 0x000001aa478715f0 nmethod 2745 0x000001aa38672c08 code [0x000001aa38672e00, 0x000001aa386745e8]

GC Heap History (2 events):
Event: 612.406 GC heap before
{Heap before GC invocations=0 (full 0):
 garbage-first heap   total reserved 3604480K, committed 227328K, used 50288K [0x0000000724000000, 0x0000000800000000)
  region size 2048K, 24 young (49152K), 0 survivors (0K)
 Metaspace       used 14771K, committed 15040K, reserved 1114112K
  class space    used 1369K, committed 1472K, reserved 1048576K
}
Event: 612.411 GC heap after
{Heap after GC invocations=1 (full 0):
 garbage-first heap   total reserved 3604480K, committed 227328K, used 5552K [0x0000000724000000, 0x0000000800000000)
  region size 2048K, 3 young (6144K), 3 survivors (6144K)
 Metaspace       used 14771K, committed 15040K, reserved 1114112K
  class space    used 1369K, committed 1472K, reserved 1048576K
}

Dll operation events (15 events):
Event: 0.007 Loaded shared library C:\Users\Ricky\.jdks\openjdk-24.0.1\bin\java.dll
Event: 0.030 Loaded shared library C:\Users\Ricky\.jdks\openjdk-24.0.1\bin\jsvml.dll
Event: 0.061 Loaded shared library C:\Users\Ricky\.jdks\openjdk-24.0.1\bin\zip.dll
Event: 0.063 Loaded shared library C:\Users\Ricky\.jdks\openjdk-24.0.1\bin\instrument.dll
Event: 0.066 Loaded shared library C:\Users\Ricky\.jdks\openjdk-24.0.1\bin\net.dll
Event: 0.068 Loaded shared library C:\Users\Ricky\.jdks\openjdk-24.0.1\bin\nio.dll
Event: 0.071 Loaded shared library C:\Users\Ricky\.jdks\openjdk-24.0.1\bin\zip.dll
Event: 0.089 Loaded shared library C:\Users\Ricky\.jdks\openjdk-24.0.1\bin\extnet.dll
Event: 0.089 Loaded shared library C:\Users\Ricky\.jdks\openjdk-24.0.1\bin\jimage.dll
Event: 0.097 Loaded shared library C:\Users\Ricky\.jdks\openjdk-24.0.1\bin\awt.dll
Event: 0.121 Loaded shared library C:\Users\Ricky\.jdks\openjdk-24.0.1\bin\management.dll
Event: 0.128 Loaded shared library C:\Users\Ricky\.jdks\openjdk-24.0.1\bin\management_ext.dll
Event: 0.351 Loaded shared library C:\Users\Ricky\.jdks\openjdk-24.0.1\bin\freetype.dll
Event: 0.352 Loaded shared library C:\Users\Ricky\.jdks\openjdk-24.0.1\bin\fontmanager.dll
Event: 612.279 Loaded shared library C:\Users\Ricky\AppData\Local\Temp\idea_libasyncProfiler_dll_temp_folder\libasyncProfiler.dll

Deoptimization events (20 events):
Event: 612.425 Thread 0x000001aa472946b0 Uncommon trap: trap_request=0xffffffde fr.pc=0x000001aa38658a10 relative=0x0000000000000070
Event: 612.425 Thread 0x000001aa472946b0 Uncommon trap: reason=class_check action=maybe_recompile pc=0x000001aa38658a10 method=jdk.jfr.FlightRecorderPermission$InternalAccess.getType(Ljava/lang/Object;)Ljdk/jfr/internal/Type; @ 18 c2
Event: 612.425 Thread 0x000001aa472946b0 DEOPT PACKING pc=0x000001aa38658a10 sp=0x00000092cf1fe600
Event: 612.425 Thread 0x000001aa472946b0 DEOPT UNPACKING pc=0x000001aa380e5882 sp=0x00000092cf1fe598 mode 2
Event: 612.480 Thread 0x000001aa472946b0 Uncommon trap: trap_request=0xffffff4d fr.pc=0x000001aa3861da08 relative=0x0000000000000188
Event: 612.480 Thread 0x000001aa472946b0 Uncommon trap: reason=unstable_if action=reinterpret pc=0x000001aa3861da08 method=jdk.internal.util.DecimalDigits.stringSize(J)I @ 5 c2
Event: 612.480 Thread 0x000001aa472946b0 DEOPT PACKING pc=0x000001aa3861da08 sp=0x00000092cf1fe860
Event: 612.480 Thread 0x000001aa472946b0 DEOPT UNPACKING pc=0x000001aa380e5882 sp=0x00000092cf1fe7d0 mode 2
Event: 612.480 Thread 0x000001aa472946b0 Uncommon trap: trap_request=0xffffff4d fr.pc=0x000001aa38638898 relative=0x0000000000000358
Event: 612.480 Thread 0x000001aa472946b0 Uncommon trap: reason=unstable_if action=reinterpret pc=0x000001aa38638898 method=java.lang.StringLatin1.getChars(JI[B)I @ 6 c2
Event: 612.480 Thread 0x000001aa472946b0 DEOPT PACKING pc=0x000001aa38638898 sp=0x00000092cf1fe840
Event: 612.480 Thread 0x000001aa472946b0 DEOPT UNPACKING pc=0x000001aa380e5882 sp=0x00000092cf1fe7b0 mode 2
Event: 612.488 Thread 0x000001aa472946b0 Uncommon trap: trap_request=0xffffff4d fr.pc=0x000001aa3866afac relative=0x000000000000020c
Event: 612.488 Thread 0x000001aa472946b0 Uncommon trap: reason=unstable_if action=reinterpret pc=0x000001aa3866afac method=java.io.ByteArrayOutputStream.ensureCapacity(I)V @ 11 c2
Event: 612.488 Thread 0x000001aa472946b0 DEOPT PACKING pc=0x000001aa3866afac sp=0x00000092cf1fe790
Event: 612.488 Thread 0x000001aa472946b0 DEOPT UNPACKING pc=0x000001aa380e5882 sp=0x00000092cf1fe6c8 mode 2
Event: 612.492 Thread 0x000001aa472946b0 Uncommon trap: trap_request=0xffffff4d fr.pc=0x000001aa3866b570 relative=0x00000000000003d0
Event: 612.492 Thread 0x000001aa472946b0 Uncommon trap: reason=unstable_if action=reinterpret pc=0x000001aa3866b570 method=java.io.ByteArrayOutputStream.ensureCapacity(I)V @ 11 c2
Event: 612.492 Thread 0x000001aa472946b0 DEOPT PACKING pc=0x000001aa3866b570 sp=0x00000092cf1fe6f0
Event: 612.492 Thread 0x000001aa472946b0 DEOPT UNPACKING pc=0x000001aa380e5882 sp=0x00000092cf1fe5d0 mode 2

Classes loaded (20 events):
Event: 612.472 Loading class jdk/jfr/internal/MetadataWriter
Event: 612.472 Loading class jdk/jfr/internal/MetadataWriter done
Event: 612.473 Loading class jdk/jfr/internal/MetadataDescriptor$Element
Event: 612.473 Loading class jdk/jfr/internal/MetadataDescriptor$Element done
Event: 612.473 Loading class jdk/jfr/internal/MetadataDescriptor$Attribute
Event: 612.473 Loading class jdk/jfr/internal/MetadataDescriptor$Attribute done
Event: 612.483 Loading class jdk/jfr/internal/consumer/StringParser$Encoding
Event: 612.484 Loading class jdk/jfr/internal/consumer/StringParser$Encoding done
Event: 612.495 Loading class jdk/jfr/internal/consumer/RepositoryFiles
Event: 612.496 Loading class jdk/jfr/internal/consumer/RepositoryFiles done
Event: 612.499 Loading class jdk/jfr/internal/SettingsManager$InternalSetting
Event: 612.499 Loading class jdk/jfr/internal/SettingsManager$InternalSetting done
Event: 612.500 Loading class jdk/jfr/internal/util/Rate
Event: 612.500 Loading class jdk/jfr/internal/util/Rate done
Event: 612.500 Loading class jdk/jfr/internal/util/TimespanUnit
Event: 612.500 Loading class jdk/jfr/internal/util/TimespanUnit done
Event: 612.501 Loading class jdk/jfr/internal/util/ValueParser
Event: 612.501 Loading class jdk/jfr/internal/util/ValueParser done
Event: 612.503 Loading class jdk/jfr/internal/periodic/PeriodicType
Event: 612.503 Loading class jdk/jfr/internal/periodic/PeriodicType done

Classes unloaded (0 events):
No events

Classes redefined (0 events):
No events

Internal exceptions (20 events):
Event: 0.363 Thread 0x000001aa9442b640 Exception <a 'java/lang/NoSuchMethodError'{0x000000073050d9f8}: 'java.lang.Object java.lang.invoke.DirectMethodHandle$Holder.invokeStatic(java.lang.Object, java.lang.Object, java.lang.Object, java.lang.Object, java.lang.Object, java.lang.Object, java.lang.Object, java.lang.Object)'> (0x000000073050d9f8) 
thrown [s\open\src\hotspot\share\interpreter\linkResolver.cpp, line 805]
Event: 0.365 Thread 0x000001aa9442b640 Exception <a 'java/lang/NoSuchMethodError'{0x0000000730531300}: 'java.lang.Object java.lang.invoke.DirectMethodHandle$Holder.invokeStatic(java.lang.Object, java.lang.Object, java.lang.Object, java.lang.Object, java.lang.Object, java.lang.Object, java.lang.Object, java.lang.Object, java.lang.Object)'> (0x0000000730531300) 
thrown [s\open\src\hotspot\share\interpreter\linkResolver.cpp, line 805]
Event: 0.366 Thread 0x000001aa9442b640 Exception <a 'java/lang/NoSuchMethodError'{0x00000007305447b0}: 'java.lang.Object java.lang.invoke.Invokers$Holder.invokeExact_MT(java.lang.Object, java.lang.Object, java.lang.Object, java.lang.Object, java.lang.Object, java.lang.Object)'> (0x00000007305447b0) 
thrown [s\open\src\hotspot\share\interpreter\linkResolver.cpp, line 805]
Event: 0.368 Thread 0x000001aa9442b640 Exception <a 'java/lang/NoSuchMethodError'{0x00000007305504f0}: 'java.lang.Object java.lang.invoke.DirectMethodHandle$Holder.invokeInterface(java.lang.Object, java.lang.Object, java.lang.Object, java.lang.Object, java.lang.Object)'> (0x00000007305504f0) 
thrown [s\open\src\hotspot\share\interpreter\linkResolver.cpp, line 805]
Event: 0.373 Thread 0x000001aa9442b640 Exception <a 'java/lang/NoSuchMethodError'{0x000000073059adf8}: 'double java.lang.invoke.DirectMethodHandle$Holder.invokeInterface(java.lang.Object, java.lang.Object)'> (0x000000073059adf8) 
thrown [s\open\src\hotspot\share\interpreter\linkResolver.cpp, line 805]
Event: 0.373 Thread 0x000001aa9442b640 Exception <a 'java/lang/NoSuchMethodError'{0x00000007305aba68}: 'double java.lang.invoke.DelegatingMethodHandle$Holder.reinvoke_L(java.lang.Object, java.lang.Object)'> (0x00000007305aba68) 
thrown [s\open\src\hotspot\share\interpreter\linkResolver.cpp, line 805]
Event: 0.398 Thread 0x000001aa281f71f0 Exception <a 'java/lang/NoSuchMethodError'{0x00000007307c84b8}: 'void java.lang.invoke.DelegatingMethodHandle$Holder.reinvoke_L(java.lang.Object, java.lang.Object, java.lang.Object, java.lang.Object, long, long, float)'> (0x00000007307c84b8) 
thrown [s\open\src\hotspot\share\interpreter\linkResolver.cpp, line 805]
Event: 0.401 Thread 0x000001aa281f71f0 Exception <a 'java/lang/NoSuchMethodError'{0x0000000730218218}: 'float java.lang.invoke.DelegatingMethodHandle$Holder.reinvoke_L(java.lang.Object, java.lang.Object, java.lang.Object, java.lang.Object, long, long)'> (0x0000000730218218) 
thrown [s\open\src\hotspot\share\interpreter\linkResolver.cpp, line 805]
Event: 0.425 Thread 0x000001aa476989e0 Exception <a 'java/lang/NoSuchMethodError'{0x0000000731507560}: 'void java.lang.invoke.DirectMethodHandle$Holder.invokeVirtual(java.lang.Object, java.lang.Object)'> (0x0000000731507560) 
thrown [s\open\src\hotspot\share\interpreter\linkResolver.cpp, line 805]
Event: 0.448 Thread 0x000001aa9443f730 Exception <a 'java/lang/NoSuchMethodError'{0x000000073093a1b0}: 'void java.lang.invoke.DelegatingMethodHandle$Holder.reinvoke_L(java.lang.Object, java.lang.Object, java.lang.Object, java.lang.Object, long, long, double)'> (0x000000073093a1b0) 
thrown [s\open\src\hotspot\share\interpreter\linkResolver.cpp, line 805]
Event: 0.725 Thread 0x000001aa9442b640 Exception <a 'java/lang/NoSuchMethodError'{0x00000007305d3660}: 'long java.lang.invoke.DirectMethodHandle$Holder.invokeVirtual(java.lang.Object, java.lang.Object)'> (0x00000007305d3660) 
thrown [s\open\src\hotspot\share\interpreter\linkResolver.cpp, line 805]
Event: 0.725 Thread 0x000001aa9442b640 Exception <a 'java/lang/NoSuchMethodError'{0x00000007305e3910}: 'long java.lang.invoke.DelegatingMethodHandle$Holder.reinvoke_L(java.lang.Object, java.lang.Object)'> (0x00000007305e3910) 
thrown [s\open\src\hotspot\share\interpreter\linkResolver.cpp, line 805]
Event: 612.370 Thread 0x000001aa472946b0 Exception <a 'java/lang/NoSuchMethodError'{0x000000072efcdb48}: 'int java.lang.invoke.DirectMethodHandle$Holder.invokeStatic(java.lang.Object, java.lang.Object, java.lang.Object, java.lang.Object)'> (0x000000072efcdb48) 
thrown [s\open\src\hotspot\share\interpreter\linkResolver.cpp, line 805]
Event: 612.458 Thread 0x000001aa472946b0 Exception <a 'java/lang/NoSuchMethodError'{0x00000007318a9218}: 'void java.lang.invoke.DirectMethodHandle$Holder.invokeSpecial(java.lang.Object, java.lang.Object, int)'> (0x00000007318a9218) 
thrown [s\open\src\hotspot\share\interpreter\linkResolver.cpp, line 805]
Event: 612.458 Thread 0x000001aa472946b0 Exception <a 'java/lang/NoSuchMethodError'{0x00000007318b0e38}: 'void java.lang.invoke.Invokers$Holder.invokeExact_MT(java.lang.Object, int, java.lang.Object)'> (0x00000007318b0e38) 
thrown [s\open\src\hotspot\share\interpreter\linkResolver.cpp, line 805]
Event: 612.460 Thread 0x000001aa472946b0 Exception <a 'java/lang/NoSuchMethodError'{0x00000007318cb280}: 'void java.lang.invoke.DirectMethodHandle$Holder.invokeStatic(java.lang.Object, java.lang.Object, int)'> (0x00000007318cb280) 
thrown [s\open\src\hotspot\share\interpreter\linkResolver.cpp, line 805]
Event: 612.460 Thread 0x000001aa472946b0 Exception <a 'java/lang/NoSuchMethodError'{0x00000007318da188}: 'java.lang.Object java.lang.invoke.DirectMethodHandle$Holder.newInvokeSpecial(java.lang.Object, java.lang.Object, int)'> (0x00000007318da188) 
thrown [s\open\src\hotspot\share\interpreter\linkResolver.cpp, line 805]
Event: 612.464 Thread 0x000001aa472946b0 Exception <a 'sun/nio/fs/WindowsException'{0x000000073190e248}> (0x000000073190e248) 
thrown [s\open\src\hotspot\share\prims\jni.cpp, line 518]
Event: 612.466 Thread 0x000001aa472946b0 Exception <a 'sun/nio/fs/WindowsException'{0x0000000731961d30}> (0x0000000731961d30) 
thrown [s\open\src\hotspot\share\prims\jni.cpp, line 518]
Event: 612.470 Thread 0x000001aa472946b0 Exception <a 'sun/nio/fs/WindowsException'{0x0000000731973ae8}> (0x0000000731973ae8) 
thrown [s\open\src\hotspot\share\prims\jni.cpp, line 518]

VM Operations (20 events):
Event: 0.340 Executing VM operation: HandshakeAllThreads (Deoptimize)
Event: 0.340 Executing VM operation: HandshakeAllThreads (Deoptimize) done
Event: 0.352 Executing VM operation: HandshakeAllThreads (Deoptimize)
Event: 0.352 Executing VM operation: HandshakeAllThreads (Deoptimize) done
Event: 0.429 Executing VM operation: HandshakeAllThreads (Deoptimize)
Event: 0.429 Executing VM operation: HandshakeAllThreads (Deoptimize) done
Event: 60.225 Executing VM operation: HandshakeAllThreads (HandshakeForDeflation)
Event: 60.225 Executing VM operation: HandshakeAllThreads (HandshakeForDeflation) done
Event: 60.225 Executing VM operation: RendezvousGCThreads
Event: 60.225 Executing VM operation: RendezvousGCThreads done
Event: 180.409 Executing VM operation: HandshakeAllThreads (HandshakeForDeflation)
Event: 180.409 Executing VM operation: HandshakeAllThreads (HandshakeForDeflation) done
Event: 180.409 Executing VM operation: RendezvousGCThreads
Event: 180.409 Executing VM operation: RendezvousGCThreads done
Event: 612.406 Executing VM operation: G1CollectForAllocation (G1 Evacuation Pause)
Event: 612.411 Executing VM operation: G1CollectForAllocation (G1 Evacuation Pause) done
Event: 612.461 Executing VM operation: HandshakeAllThreads (Deoptimize)
Event: 612.461 Executing VM operation: HandshakeAllThreads (Deoptimize) done
Event: 612.496 Executing VM operation: JFRSafepointClear
Event: 612.496 Executing VM operation: JFRSafepointClear done

Memory protections (0 events):
No events

Nmethod flushes (0 events):
No events

Events (20 events):
Event: 0.079 Thread 0x000001aa281f71f0 Thread added: 0x000001aa4744bc90
Event: 0.136 Thread 0x000001aa281f71f0 Thread added: 0x000001aa4755a260
Event: 0.137 Thread 0x000001aa281f71f0 Thread added: 0x000001aa47560420
Event: 0.137 Thread 0x000001aa281f71f0 Thread added: 0x000001aa476989e0
Event: 0.194 Thread 0x000001aa472a25f0 Thread added: 0x000001aa47deb6e0
Event: 0.248 Thread 0x000001aa472a25f0 Thread added: 0x000001aa942fa350
Event: 0.322 Thread 0x000001aa476989e0 Thread added: 0x000001aa9443f730
Event: 0.327 Thread 0x000001aa472946b0 Thread added: 0x000001aa94444eb0
Event: 0.337 Thread 0x000001aa94444eb0 Thread added: 0x000001aa9442b640
Event: 0.347 Thread 0x000001aa9442b640 Thread added: 0x000001aa943a2c40
Event: 0.351 Thread 0x000001aa9442b640 Thread added: 0x000001aa942e1250
Event: 0.428 Thread 0x000001aa281f71f0 Thread exited: 0x000001aa281f71f0
Event: 0.428 Thread 0x000001aa942e19a0 Thread added: 0x000001aa942e19a0
Event: 0.438 Thread 0x000001aa9443f730 Thread added: 0x000001aa942e36e0
Event: 0.474 Thread 0x000001aa9443f730 Thread added: 0x000001aa942e2840
Event: 0.723 Thread 0x000001aa942fa350 Thread exited: 0x000001aa942fa350
Event: 0.723 Thread 0x000001aa47deb6e0 Thread exited: 0x000001aa47deb6e0
Event: 612.298 Thread 0x000001aa472a25f0 Thread added: 0x000001aa478715f0
Event: 612.327 Thread 0x000001aa472946b0 Thread added: 0x000001aa94685420
Event: 612.460 Thread 0x000001aa472946b0 Thread added: 0x000001aa946862c0


Dynamic libraries:
0x00007ff79cfc0000 - 0x00007ff79cfce000 	C:\Users\Ricky\.jdks\openjdk-24.0.1\bin\java.exe
0x00007ffdf7550000 - 0x00007ffdf7767000 	C:\Windows\SYSTEM32\ntdll.dll
0x00007ffdf5aa0000 - 0x00007ffdf5b64000 	C:\Windows\System32\KERNEL32.DLL
0x00007ffdf4c00000 - 0x00007ffdf4fd3000 	C:\Windows\System32\KERNELBASE.dll
0x00007ffdf4940000 - 0x00007ffdf4a51000 	C:\Windows\System32\ucrtbase.dll
0x00007ffdd7fd0000 - 0x00007ffdd7fe6000 	C:\Users\Ricky\.jdks\openjdk-24.0.1\bin\jli.dll
0x00007ffdd82b0000 - 0x00007ffdd82cb000 	C:\Users\Ricky\.jdks\openjdk-24.0.1\bin\VCRUNTIME140.dll
0x00007ffdf72f0000 - 0x00007ffdf74a1000 	C:\Windows\System32\USER32.dll
0x00007ffdf4760000 - 0x00007ffdf4786000 	C:\Windows\System32\win32u.dll
0x00007ffdf5470000 - 0x00007ffdf5499000 	C:\Windows\System32\GDI32.dll
0x00007ffdd3d10000 - 0x00007ffdd3fab000 	C:\Windows\WinSxS\amd64_microsoft.windows.common-controls_6595b64144ccf1df_6.0.22621.5262_none_2712bde373830908\COMCTL32.dll
0x00007ffdf4790000 - 0x00007ffdf48b2000 	C:\Windows\System32\gdi32full.dll
0x00007ffdf6b00000 - 0x00007ffdf6ba7000 	C:\Windows\System32\msvcrt.dll
0x00007ffdf46c0000 - 0x00007ffdf475a000 	C:\Windows\System32\msvcp_win.dll
0x00007ffdf5300000 - 0x00007ffdf5331000 	C:\Windows\System32\IMM32.DLL
0x00007ffde2980000 - 0x00007ffde298c000 	C:\Users\Ricky\.jdks\openjdk-24.0.1\bin\vcruntime140_1.dll
0x00007ffdc8700000 - 0x00007ffdc878e000 	C:\Users\Ricky\.jdks\openjdk-24.0.1\bin\msvcp140.dll
0x00007ffdbe090000 - 0x00007ffdbee32000 	C:\Users\Ricky\.jdks\openjdk-24.0.1\bin\server\jvm.dll
0x00007ffdf6bb0000 - 0x00007ffdf6c61000 	C:\Windows\System32\ADVAPI32.dll
0x00007ffdf51e0000 - 0x00007ffdf5287000 	C:\Windows\System32\sechost.dll
0x00007ffdf4bd0000 - 0x00007ffdf4bf8000 	C:\Windows\System32\bcrypt.dll
0x00007ffdf6d50000 - 0x00007ffdf6e64000 	C:\Windows\System32\RPCRT4.dll
0x00007ffdf5c60000 - 0x00007ffdf5cd1000 	C:\Windows\System32\WS2_32.dll
0x00007ffdf34d0000 - 0x00007ffdf351d000 	C:\Windows\SYSTEM32\POWRPROF.dll
0x00007ffdf0700000 - 0x00007ffdf0734000 	C:\Windows\SYSTEM32\WINMM.dll
0x00007ffde6270000 - 0x00007ffde627a000 	C:\Windows\SYSTEM32\VERSION.dll
0x00007ffdf34b0000 - 0x00007ffdf34c3000 	C:\Windows\SYSTEM32\UMPDC.dll
0x00007ffdf3770000 - 0x00007ffdf3788000 	C:\Windows\SYSTEM32\kernel.appcore.dll
0x00007ffde0780000 - 0x00007ffde078a000 	C:\Users\Ricky\.jdks\openjdk-24.0.1\bin\jimage.dll
0x00007ffdf2170000 - 0x00007ffdf23a2000 	C:\Windows\SYSTEM32\DBGHELP.DLL
0x00007ffdf5d60000 - 0x00007ffdf60f3000 	C:\Windows\System32\combase.dll
0x00007ffdf6c70000 - 0x00007ffdf6d47000 	C:\Windows\System32\OLEAUT32.dll
0x00007ffddd7b0000 - 0x00007ffddd7e2000 	C:\Windows\SYSTEM32\dbgcore.DLL
0x00007ffdf48c0000 - 0x00007ffdf493b000 	C:\Windows\System32\bcryptPrimitives.dll
0x00007ffddf370000 - 0x00007ffddf37f000 	C:\Users\Ricky\.jdks\openjdk-24.0.1\bin\instrument.dll
0x00007ffdd7fb0000 - 0x00007ffdd7fce000 	C:\Users\Ricky\.jdks\openjdk-24.0.1\bin\java.dll
0x00007ffdf54c0000 - 0x00007ffdf5661000 	C:\Windows\System32\ole32.dll
0x00007ffdf6100000 - 0x00007ffdf699d000 	C:\Windows\System32\SHELL32.dll
0x00007ffdf4fe0000 - 0x00007ffdf511f000 	C:\Windows\System32\wintypes.dll
0x00007ffdf2590000 - 0x00007ffdf2ead000 	C:\Windows\SYSTEM32\windows.storage.dll
0x00007ffdf57b0000 - 0x00007ffdf58bb000 	C:\Windows\System32\SHCORE.dll
0x00007ffdf5290000 - 0x00007ffdf52f6000 	C:\Windows\System32\shlwapi.dll
0x00007ffdf4570000 - 0x00007ffdf459b000 	C:\Windows\SYSTEM32\profapi.dll
0x00007ffdbdfb0000 - 0x00007ffdbe087000 	C:\Users\Ricky\.jdks\openjdk-24.0.1\bin\jsvml.dll
0x00007ffdc9440000 - 0x00007ffdc9457000 	C:\Users\Ricky\.jdks\openjdk-24.0.1\bin\zip.dll
0x00007ffddef60000 - 0x00007ffddef70000 	C:\Users\Ricky\.jdks\openjdk-24.0.1\bin\net.dll
0x00007ffdf3bf0000 - 0x00007ffdf3c5a000 	C:\Windows\system32\mswsock.dll
0x00007ffdd7e70000 - 0x00007ffdd7e86000 	C:\Users\Ricky\.jdks\openjdk-24.0.1\bin\nio.dll
0x00007ffddee90000 - 0x00007ffddee99000 	C:\Users\Ricky\.jdks\openjdk-24.0.1\bin\extnet.dll
0x00007ffdb2930000 - 0x00007ffdb2aae000 	C:\Users\Ricky\.jdks\openjdk-24.0.1\bin\awt.dll
0x00007ffdef4d0000 - 0x00007ffdef567000 	C:\Windows\SYSTEM32\apphelp.dll
0x00007ffdf31f0000 - 0x00007ffdf32e8000 	C:\Windows\SYSTEM32\DNSAPI.dll
0x00007ffdf3180000 - 0x00007ffdf31ad000 	C:\Windows\SYSTEM32\IPHLPAPI.DLL
0x00007ffdf5b70000 - 0x00007ffdf5b79000 	C:\Windows\System32\NSI.dll
0x00007ffde5970000 - 0x00007ffde597a000 	C:\Windows\System32\rasadhlp.dll
0x00007ffded910000 - 0x00007ffded993000 	C:\Windows\System32\fwpuclnt.dll
0x00007ffdd8620000 - 0x00007ffdd862a000 	C:\Users\Ricky\.jdks\openjdk-24.0.1\bin\management.dll
0x00007ffdd8270000 - 0x00007ffdd827b000 	C:\Users\Ricky\.jdks\openjdk-24.0.1\bin\management_ext.dll
0x00007ffdf58c0000 - 0x00007ffdf58c8000 	C:\Windows\System32\PSAPI.DLL
0x00007ffdf1bf0000 - 0x00007ffdf1c1e000 	C:\Windows\system32\DWMAPI.DLL
0x00007ffdf1950000 - 0x00007ffdf1a03000 	C:\Windows\system32\uxtheme.dll
0x00007ffdb2f70000 - 0x00007ffdb3070000 	C:\Windows\system32\opengl32.dll
0x00007ffdc8690000 - 0x00007ffdc86bd000 	C:\Windows\SYSTEM32\GLU32.dll
0x00007ffdf1a80000 - 0x00007ffdf1ab7000 	C:\Windows\SYSTEM32\dxcore.dll
0x00007ffdf69a0000 - 0x00007ffdf6afe000 	C:\Windows\System32\MSCTF.dll
0x00007ffdbd800000 - 0x00007ffdbd9a8000 	C:\Windows\system32\d3d9.dll
0x00007ffdc8d30000 - 0x00007ffdc8d50000 	C:\Windows\System32\DriverStore\FileRepository\u0413647.inf_amd64_d320f14af0da075c\B413137\atidx9loader64.dll
0x00007ffda7470000 - 0x00007ffdab264000 	C:\Windows\System32\DriverStore\FileRepository\u0413647.inf_amd64_d320f14af0da075c\B413137\AMDXN64.DLL
0x00007ffdf6e70000 - 0x00007ffdf72e4000 	C:\Windows\System32\SETUPAPI.dll
0x00007ffdf1ac0000 - 0x00007ffdf1bb7000 	C:\Windows\SYSTEM32\dxgi.dll
0x00007ffde62f0000 - 0x00007ffde632b000 	C:\Windows\System32\DriverStore\FileRepository\u0413647.inf_amd64_d320f14af0da075c\B413137\amdihk64.dll
0x00007ffded050000 - 0x00007ffded099000 	C:\Windows\SYSTEM32\directxdatabasehelper.dll
0x00007ffdf3e50000 - 0x00007ffdf3e6b000 	C:\Windows\SYSTEM32\CRYPTSP.dll
0x00007ffdf36d0000 - 0x00007ffdf3707000 	C:\Windows\system32\rsaenh.dll
0x00007ffdf3ce0000 - 0x00007ffdf3d08000 	C:\Windows\SYSTEM32\USERENV.dll
0x00007ffdf3e40000 - 0x00007ffdf3e4c000 	C:\Windows\SYSTEM32\CRYPTBASE.dll
0x00007ffde2330000 - 0x00007ffde2347000 	C:\Windows\system32\napinsp.dll
0x00007ffde2240000 - 0x00007ffde225b000 	C:\Windows\system32\pnrpnsp.dll
0x00007ffde1680000 - 0x00007ffde1691000 	C:\Windows\System32\winrnr.dll
0x00007ffde1610000 - 0x00007ffde162f000 	C:\Windows\system32\wshbth.dll
0x00007ffde11a0000 - 0x00007ffde11c1000 	C:\Windows\system32\nlansp_c.dll
0x00007ffdb10a0000 - 0x00007ffdb1127000 	C:\Users\Ricky\.jdks\openjdk-24.0.1\bin\freetype.dll
0x00007ffdb0fc0000 - 0x00007ffdb1097000 	C:\Users\Ricky\.jdks\openjdk-24.0.1\bin\fontmanager.dll
0x00007ffde5920000 - 0x00007ffde5970000 	C:\Windows\SYSTEM32\pdh.dll
0x00007ffdf5700000 - 0x00007ffdf57b0000 	C:\Windows\System32\clbcatq.dll
0x00007ffdf16e0000 - 0x00007ffdf1890000 	C:\Windows\SYSTEM32\WindowsCodecs.dll
0x00007ffdd1fc0000 - 0x00007ffdd201e000 	C:\Windows\system32\dataexchange.dll
0x00007ffdeafe0000 - 0x00007ffdeb286000 	C:\Windows\system32\twinapi.appcore.dll
0x00007ffddf5f0000 - 0x00007ffddf733000 	C:\Windows\SYSTEM32\textinputframework.dll
0x00007ffdef0b0000 - 0x00007ffdef1e5000 	C:\Windows\SYSTEM32\CoreMessaging.dll
0x00007ffdec800000 - 0x00007ffdecb6c000 	C:\Windows\SYSTEM32\CoreUIComponents.dll
0x00007ffdd85e0000 - 0x00007ffdd85f1000 	C:\Windows\System32\perfproc.dll
0x00007ffdb0bc0000 - 0x00007ffdb0db8000 	C:\Users\Ricky\AppData\Local\Temp\idea_libasyncProfiler_dll_temp_folder\libasyncProfiler.dll

JVMTI agents:
D:\IntelliJ IDEA 2025.1.1.1\lib\idea_rt.jar path:C:\Users\Ricky\.jdks\openjdk-24.0.1\bin\instrument.dll, loaded, initialized, instrumentlib options:63017

dbghelp: loaded successfully - version: 4.0.5 - missing functions: none
symbol engine: initialized successfully - sym options: 0x614 - pdb path: .;C:\Users\Ricky\.jdks\openjdk-24.0.1\bin;C:\Windows\SYSTEM32;C:\Windows\WinSxS\amd64_microsoft.windows.common-controls_6595b64144ccf1df_6.0.22621.5262_none_2712bde373830908;C:\Users\Ricky\.jdks\openjdk-24.0.1\bin\server;C:\Windows\System32\DriverStore\FileRepository\u0413647.inf_amd64_d320f14af0da075c\B413137;C:\Users\Ricky\AppData\Local\Temp\idea_libasyncProfiler_dll_temp_folder

VM Arguments:
jvm_args: -javaagent:D:\IntelliJ IDEA 2025.1.1.1\lib\idea_rt.jar=63017 -Dfile.encoding=UTF-8 -Dsun.stdout.encoding=UTF-8 -Dsun.stderr.encoding=UTF-8 
java_command: Main
java_class_path (initial): C:\Users\Ricky\Downloads\Proyecto\out\production\Proyecto
Launcher Type: SUN_STANDARD

[Global flags]
     intx CICompilerCount                          = 4                                         {product} {ergonomic}
     uint ConcGCThreads                            = 3                                         {product} {ergonomic}
     bool FlightRecorder                           = true                                      {product} {management}
     uint G1ConcRefinementThreads                  = 10                                        {product} {ergonomic}
   size_t G1HeapRegionSize                         = 2097152                                   {product} {ergonomic}
   size_t InitialHeapSize                          = 230686720                                 {product} {ergonomic}
   size_t MarkStackSize                            = 4194304                                   {product} {ergonomic}
   size_t MarkStackSizeMax                         = 536870912                                 {product} {ergonomic}
   size_t MaxHeapSize                              = 3690987520                                {product} {ergonomic}
   size_t MaxNewSize                               = 2214592512                                {product} {ergonomic}
   size_t MinHeapDeltaBytes                        = 2097152                                   {product} {ergonomic}
   size_t MinHeapSize                              = 8388608                                   {product} {ergonomic}
    uintx NonNMethodCodeHeapSize                   = 5832704                                {pd product} {ergonomic}
    uintx NonProfiledCodeHeapSize                  = 122945536                              {pd product} {ergonomic}
    uintx ProfiledCodeHeapSize                     = 122880000                              {pd product} {ergonomic}
    uintx ReservedCodeCacheSize                    = 251658240                              {pd product} {ergonomic}
     bool SegmentedCodeCache                       = true                                      {product} {ergonomic}
   size_t SoftMaxHeapSize                          = 3690987520                             {manageable} {ergonomic}
     bool UseCompressedOops                        = true                           {product lp64_product} {ergonomic}
     bool UseG1GC                                  = true                                      {product} {ergonomic}
     bool UseLargePagesIndividualAllocation        = false                                  {pd product} {ergonomic}

Logging:
Log output configuration:
 #0: stdout all=warning uptime,level,tags foldmultilines=false
 #1: stderr all=off uptime,level,tags foldmultilines=false

Environment Variables:
PATH=C:\Windows\system32;C:\Windows;C:\Windows\System32\Wbem;C:\Windows\System32\WindowsPowerShell\v1.0\;C:\Windows\System32\OpenSSH\;C:\Users\Ricky\AppData\Local\Microsoft\WindowsApps;C:\Users\Ricky\AppData\Local\Programs\Microsoft VS Code\bin
USERNAME=Ricky
OS=Windows_NT
PROCESSOR_IDENTIFIER=AMD64 Family 25 Model 68 Stepping 1, AuthenticAMD
TMP=C:\Users\Ricky\AppData\Local\Temp
TEMP=C:\Users\Ricky\AppData\Local\Temp




Periodic native trim disabled

---------------  S Y S T E M  ---------------

OS:
 Windows 11 , 64 bit Build 22621 (10.0.22621.5262)
OS uptime: 0 days 8:09 hours

CPU: total 12 (initial active 12) (12 cores per cpu, 2 threads per core) family 25 model 68 stepping 1 microcode 0x0, cx8, cmov, fxsr, ht, mmx, 3dnowpref, sse, sse2, sse3, ssse3, sse4a, sse4.1, sse4.2, popcnt, lzcnt, tsc, tscinvbit, avx, avx2, aes, erms, clmul, bmi1, bmi2, adx, sha, fma, vzeroupper, clflush, clflushopt, rdtscp, rdpid, fsrm, f16c, pku, cet_ss
Processor Information for the first 12 processors :
  Max Mhz: 3301, Current Mhz: 3301, Mhz Limit: 3301

Memory: 4k page, system-wide physical 14077M (3083M free)
TotalPageFile size 20477M (AvailPageFile size 3076M)
current process WorkingSet (physical memory assigned to process): 193M, peak: 193M
current process commit charge ("private bytes"): 435M, peak: 435M

vm_info: OpenJDK 64-Bit Server VM (24.0.1+9-30) for windows-amd64 JRE (24.0.1+9-30), built on 2025-03-05T07:23:45Z with MS VC++ 17.6 (VS2022)

END.
